<?xml version="1.0" encoding="UTF-8"?>
<!-- Generated by org.testng.reporters.JUnitReportReporter -->
<testsuite hostname="asmaa-moustafa" failures="0" tests="1" name="com.wixsite.arielkiell.blockchain.test.CeramicStudioShop" time="34.380" errors="0" timestamp="2021-03-20T06:18:24 EET" skipped="0">
  <testcase classname="com.wixsite.arielkiell.blockchain.test.CeramicStudioShop" name="addProductstoCart" time="34.380"/>
  <system-out/>
</testsuite> <!-- com.wixsite.arielkiell.blockchain.test.CeramicStudioShop -->
